<?xml version="1.0" encoding="UTF-8"?>
<testsuite name="e2e.tests.Georgiy.UserCanCreateANewPost" tests="1" skipped="0" failures="0" errors="0" timestamp="2024-04-01T16:57:17" hostname="NATA" time="3.46">
  <properties/>
  <testcase name="userCanCreateAPost" classname="e2e.tests.Georgiy.UserCanCreateANewPost" time="3.46"/>
  <system-out><![CDATA[]]></system-out>
  <system-err><![CDATA[???. 01, 2024 6:57:16 PM org.openqa.selenium.devtools.CdpVersionFinder findNearestMatch
WARNING: Unable to find an exact match for CDP version 123, returning the closest version; found: 119; Please update to a Selenium version that supports CDP version 123
imageC:\Users\PC\Chatty\reference Ð½Ðµ Ñ?ÑƒÑ‰ÐµÑ?Ñ‚Ð²ÑƒÐµÑ‚ Ð¸Ð»Ð¸ Ð½Ðµ Ñ?Ð¾Ð´ÐµÑ€Ð¶Ð¸Ñ‚ Ñ„Ð°Ð¹Ð»Ð¾Ð².
Ð?Ðµ ÑƒÐ´Ð°Ð»Ð¾Ñ?ÑŒ Ð²Ñ‹Ð±Ñ€Ð°Ñ‚ÑŒ Ð¸Ð·Ð¾Ð±Ñ€Ð°Ð¶ÐµÐ½Ð¸Ðµ Ð´Ð»Ñ? Ð¿ÑƒÐ±Ð»Ð¸ÐºÐ°Ñ†Ð¸Ð¸.
]]></system-err>
</testsuite>
