<?xml version="1.0" encoding="UTF-8"?>
<testsuite name="e2e.tests.Georgiy.AdminDeleteUserTest" tests="1" skipped="0" failures="0" errors="0" timestamp="2024-04-02T15:13:51" hostname="NATA" time="1.686">
  <properties/>
  <testcase name="deleteAccount" classname="e2e.tests.Georgiy.AdminDeleteUserTest" time="1.686"/>
  <system-out><![CDATA[]]></system-out>
  <system-err><![CDATA[???. 02, 2024 5:13:50 PM org.openqa.selenium.devtools.CdpVersionFinder findNearestMatch
WARNING: Unable to find an exact match for CDP version 123, returning the closest version; found: 119; Please update to a Selenium version that supports CDP version 123
]]></system-err>
</testsuite>
